<?xml version="1.0" encoding="UTF-8"?>
<!-- Generated by org.testng.reporters.JUnitXMLReporter -->
<testsuite ignored="0" hostname="DESKTOP-MOB7CUU" failures="0" tests="3" name="Surefire test" time="25.959" errors="0" timestamp="2025-08-22T11:10:22 IST">
  <testcase classname="Page.AmazonTest.AmazonTest" name="purchase" time="5.685"/>
  <testcase classname="Page.AmazonTest.AmazonTest" name="verifyHeader" time="0.112"/>
  <testcase classname="io.cucumber.testng.AbstractTestNGCucumberTests" name="runScenario" time="6.463"/>
</testsuite> <!-- Surefire test -->
