<?xml version="1.0" encoding="UTF-8"?>
<testsuite xmlns:xsi="http://www.w3.org/2001/XMLSchema-instance" xsi:noNamespaceSchemaLocation="https://maven.apache.org/surefire/maven-surefire-plugin/xsd/surefire-test-report-3.0.xsd" version="3.0" name="TestSuite" time="27.508" tests="3" errors="0" skipped="0" failures="0">
  <properties>
[...]
</properties>
  <testcase name="purchase" classname="Page.AmazonTest.AmazonTest" time="5.683">
    <system-err><![CDATA[[main] INFO listeners.TestListener - 🟢 Test Suite Started: Surefire test
Aug 22, 2025 11:10:03 AM org.openqa.selenium.devtools.CdpVersionFinder findNearestMatch
WARNING: Unable to find CDP implementation matching 139
Aug 22, 2025 11:10:03 AM org.openqa.selenium.chromium.ChromiumDriver lambda$new$5
WARNING: Unable to find version of CDP to use for 139.0.7258.128. You may need to include a dependency on a specific version of the CDP using something similar to `org.seleniumhq.selenium:selenium-devtools-v86:4.23.0` where the version ("v86") matches the version of the chromium-based browser you're using and the version number of the artifact is the same as Selenium's.
[main] INFO listeners.TestListener - 🚀 Test Started: purchase
]]></system-err>
  </testcase>
  <testcase name="verifyHeader" classname="Page.AmazonTest.AmazonTest" time="0.109">
    <system-out><![CDATA[Thank you for your order!
]]></system-out>
    <system-err><![CDATA[[main] INFO listeners.TestListener - ✅ Test Passed: purchase
[main] INFO listeners.TestListener - 🚀 Test Started: verifyHeader
]]></system-err>
  </testcase>
  <testcase name="runScenario[&quot;Login to the application&quot;, &quot;Automate Sauce Demo Application&quot;](1)" classname="runners.TestRunner" time="6.461">
    <system-out><![CDATA[
Scenario Outline: Login to the application                             # src/test/resources/features/SauceDemo.feature:10
  Given Open the browser and navigate to the application               # stepdefinitions.SauceSteps.open_the_browser_and_navigate_to_the_application()
  When Enter the "standard_user" and "secret_sauce" and click on login # stepdefinitions.SauceSteps.enter_the_username_and_password(java.lang.String,java.lang.String)
  Then Verify the title of the page                                    # stepdefinitions.SauceSteps.verify_the_title_of_the_page()
]]></system-out>
    <system-err><![CDATA[[main] INFO listeners.TestListener - ✅ Test Passed: verifyHeader
[main] INFO listeners.TestListener - 🚀 Test Started: runScenario
Aug 22, 2025 11:10:18 AM org.openqa.selenium.devtools.CdpVersionFinder findNearestMatch
WARNING: Unable to find CDP implementation matching 139
Aug 22, 2025 11:10:18 AM org.openqa.selenium.chromium.ChromiumDriver lambda$new$5
WARNING: Unable to find version of CDP to use for 139.0.7258.128. You may need to include a dependency on a specific version of the CDP using something similar to `org.seleniumhq.selenium:selenium-devtools-v86:4.23.0` where the version ("v86") matches the version of the chromium-based browser you're using and the version number of the artifact is the same as Selenium's.
[main] INFO stepdefinitions.SauceSteps - Open the browser and navigate to the application
[main] INFO stepdefinitions.SauceSteps - ||--User enters their credential--||
[main] INFO stepdefinitions.SauceSteps - ||--User logged in successfully--||
[main] INFO stepdefinitions.SauceSteps - ||--Confirm Title--||
]]></system-err>
  </testcase>
</testsuite>