<?xml version="1.0" encoding="UTF-8"?>
<testng-results ignored="0" total="3" passed="3" failed="0" skipped="0">
  <reporter-output>
  </reporter-output>
  <suite started-at="2025-08-22T11:09:56 IST" name="Surefire suite" finished-at="2025-08-22T11:10:22 IST" duration-ms="25959">
    <groups>
      <group name="cucumber">
        <method signature="AbstractTestNGCucumberTests.runScenario(io.cucumber.testng.PickleWrapper,io.cucumber.testng.FeatureWrapper)[pri:0, instance:runners.TestRunner@6dc17b83]" name="runScenario" class="io.cucumber.testng.AbstractTestNGCucumberTests"/>
      </group> <!-- cucumber -->
    </groups>
    <test started-at="2025-08-22T11:09:56 IST" name="Surefire test" finished-at="2025-08-22T11:10:22 IST" duration-ms="25959">
      <class name="Page.AmazonTest.AmazonTest">
        <test-method is-config="true" signature="openBrowser()[pri:0, instance:Page.AmazonTest.AmazonTest@14dd9eb7]" started-at="2025-08-22T11:09:57 IST" name="openBrowser" finished-at="2025-08-22T11:10:04 IST" duration-ms="7507" status="PASS">
          <reporter-output>
          </reporter-output>
        </test-method> <!-- openBrowser -->
        <test-method is-config="true" signature="loginBeforeEachTest()[pri:0, instance:Page.AmazonTest.AmazonTest@14dd9eb7]" started-at="2025-08-22T11:10:04 IST" name="loginBeforeEachTest" finished-at="2025-08-22T11:10:05 IST" duration-ms="549" status="PASS">
          <reporter-output>
          </reporter-output>
        </test-method> <!-- loginBeforeEachTest -->
        <test-method signature="purchase()[pri:1, instance:Page.AmazonTest.AmazonTest@14dd9eb7]" started-at="2025-08-22T11:10:05 IST" name="purchase" finished-at="2025-08-22T11:10:10 IST" duration-ms="5685" status="PASS">
          <reporter-output>
          </reporter-output>
        </test-method> <!-- purchase -->
        <test-method signature="verifyHeader()[pri:2, instance:Page.AmazonTest.AmazonTest@14dd9eb7]" started-at="2025-08-22T11:10:11 IST" name="verifyHeader" finished-at="2025-08-22T11:10:11 IST" depends-on-methods="Page.AmazonTest.AmazonTest.purchase" duration-ms="112" status="PASS">
          <reporter-output>
          </reporter-output>
        </test-method> <!-- verifyHeader -->
        <test-method is-config="true" signature="closeBrowser()[pri:0, instance:Page.AmazonTest.AmazonTest@14dd9eb7]" started-at="2025-08-22T11:10:11 IST" name="closeBrowser" finished-at="2025-08-22T11:10:14 IST" duration-ms="3839" status="PASS">
          <reporter-output>
          </reporter-output>
        </test-method> <!-- closeBrowser -->
      </class> <!-- Page.AmazonTest.AmazonTest -->
      <class name="runners.TestRunner">
        <test-method is-config="true" signature="setUpClass(org.testng.ITestContext)[pri:0, instance:runners.TestRunner@6dc17b83]" started-at="2025-08-22T11:10:14 IST" name="setUpClass" finished-at="2025-08-22T11:10:16 IST" duration-ms="1376" status="PASS">
          <params>
            <param index="0">
              <value>
                <![CDATA[org.testng.TestRunner@6bcc3f27]]>
              </value>
            </param>
          </params>
          <reporter-output>
          </reporter-output>
        </test-method> <!-- setUpClass -->
        <test-method signature="runScenario(io.cucumber.testng.PickleWrapper,io.cucumber.testng.FeatureWrapper)[pri:0, instance:runners.TestRunner@6dc17b83]" started-at="2025-08-22T11:10:16 IST" name="runScenario" description="Runs Cucumber Scenarios" data-provider="scenarios" finished-at="2025-08-22T11:10:22 IST" duration-ms="6463" status="PASS">
          <params>
            <param index="0">
              <value>
                <![CDATA["Login to the application"]]>
              </value>
            </param>
            <param index="1">
              <value>
                <![CDATA["Automate Sauce Demo Application"]]>
              </value>
            </param>
          </params>
          <reporter-output>
          </reporter-output>
        </test-method> <!-- runScenario -->
        <test-method is-config="true" signature="tearDownClass()[pri:0, instance:runners.TestRunner@6dc17b83]" started-at="2025-08-22T11:10:22 IST" name="tearDownClass" finished-at="2025-08-22T11:10:22 IST" duration-ms="44" status="PASS">
          <reporter-output>
          </reporter-output>
        </test-method> <!-- tearDownClass -->
      </class> <!-- runners.TestRunner -->
    </test> <!-- Surefire test -->
  </suite> <!-- Surefire suite -->
</testng-results>
